<?xml version="1.0" encoding="UTF-8"?>
<!-- Generated by org.testng.reporters.JUnitReportReporter -->
<testsuite skipped="0" hostname="Intel-LGA1150" name="goodman.Screenshot" tests="1" failures="0" timestamp="20 Mar 2018 03:17:56 GMT" time="60.379" errors="0">
  <testcase name="TestJavaS1" time="60.379" classname="goodman.Screenshot"/>
</testsuite> <!-- goodman.Screenshot -->
